Sun, 22 Mar 2020 10:41:08 day30.py[line:82] ERROR pwd_type error
2020-03-22 10:43:40 day30.py[line:82] ERROR pwd_type error
2020-03-22 11:07:37,959 day30.py[line:126] WARNING warning--警告信息
2020-03-22 11:07:37,959 day30.py[line:127] ERROR error--错误信息
2020-03-22 11:07:37,959 day30.py[line:128] CRITICAL critical--严重错误
2020-03-22 11:08:33,353 day30.py[line:126] WARNING warning--警告信息
2020-03-22 11:08:33,353 day30.py[line:127] ERROR error--错误信息
2020-03-22 11:08:33,354 day30.py[line:128] CRITICAL critical--严重错误
2020-03-22 11:10:12,827 root[line:126] WARNING warning--警告信息
2020-03-22 11:10:12,827 root[line:127] ERROR error--错误信息
2020-03-22 11:10:12,827 root[line:128] CRITICAL critical--严重错误
2020-03-22 11:25:45,814 day30.py[line:129] WARNING warning--警告信息
2020-03-22 11:25:45,814 day30.py[line:130] ERROR error--错误信息
2020-03-22 11:25:45,814 day30.py[line:131] CRITICAL critical--严重错误
2020-03-22 11:27:08,672 day30.py[line:131] WARNING warning--警告信息
2020-03-22 11:27:08,672 day30.py[line:132] ERROR error--错误信息
2020-03-22 11:27:08,672 day30.py[line:133] CRITICAL critical--严重错误
2020-03-22 11:28:12,272 day30.py[line:132] WARNING warning--警告信息
2020-03-22 11:28:12,272 day30.py[line:133] ERROR error--错误信息
2020-03-22 11:28:12,273 day30.py[line:134] CRITICAL critical--严重错误
2020-03-22 11:29:18,423 day30.py[line:132] WARNING warning--警告信息
2020-03-22 11:29:18,424 day30.py[line:133] ERROR error--错误信息
2020-03-22 11:29:18,424 day30.py[line:134] CRITICAL critical--严重错误
2020-03-22 11:29:23,547 day30.py[line:132] WARNING warning--警告信息
2020-03-22 11:29:23,547 day30.py[line:133] ERROR error--错误信息
2020-03-22 11:29:23,547 day30.py[line:134] CRITICAL critical--严重错误
2020-03-22 11:38:30,170 day30.py[line:130] WARNING warning--警告信息
2020-03-22 11:38:30,171 day30.py[line:131] ERROR error--错误信息
2020-03-22 11:38:30,171 day30.py[line:132] CRITICAL critical--严重错误
